\BOOKMARK [1][-]{section.1}{introduction}{}% 1
\BOOKMARK [1][-]{section.2}{Data structure}{}% 2
\BOOKMARK [1][-]{section.3}{Constraints}{}% 3
\BOOKMARK [1][-]{section.4}{Exchange protocol}{}% 4
\BOOKMARK [1][-]{section.5}{Authentication}{}% 5
\BOOKMARK [1][-]{section.6}{Architecture}{}% 6
\BOOKMARK [2][-]{subsection.6.1}{Structured data}{section.6}% 7
\BOOKMARK [2][-]{subsection.6.2}{Addresses}{section.6}% 8
\BOOKMARK [2][-]{subsection.6.3}{Network}{section.6}% 9
\BOOKMARK [1][-]{section.7}{functionality}{}% 10
\BOOKMARK [1][-]{section.8}{Requirements}{}% 11
\BOOKMARK [1][-]{section.9}{Test}{}% 12
\BOOKMARK [2][-]{subsection.9.1}{Authentication 1}{section.9}% 13
\BOOKMARK [2][-]{subsection.9.2}{Authentication 2}{section.9}% 14
\BOOKMARK [2][-]{subsection.9.3}{One client test}{section.9}% 15
\BOOKMARK [2][-]{subsection.9.4}{Multiple clients test}{section.9}% 16
\BOOKMARK [1][-]{section.10}{Research}{}% 17
\BOOKMARK [2][-]{subsection.10.1}{XMPP}{section.10}% 18
\BOOKMARK [2][-]{subsection.10.2}{MQTT Homie}{section.10}% 19
\BOOKMARK [2][-]{subsection.10.3}{Crownstone SDK}{section.10}% 20
\BOOKMARK [1][-]{section.11}{References}{}% 21
